# JRE version: OpenJDK Runtime Environment (17.0.6) (build 17.0.6+0-b2043.56-10027231)
# Java VM: OpenJDK 64-Bit Server VM (17.0.6+0-b2043.56-10027231, mixed mode, tiered, compressed oops, compressed class ptrs, g1 gc, windows-amd64)
GC Precious Log:
 CPUs: 4 total, 4 available
 Memory: 4009M
 Large Page Support: Disabled
 NUMA Support: Disabled
 Compressed Oops: Enabled (32-bit)
 Heap Region Size: 1M
 Heap Min Capacity: 8M
 Heap Initial Capacity: 64M
 Heap Max Capacity: 2G
 Pre-touch: Disabled
 Parallel Workers: 4
 Concurrent Workers: 1
 Concurrent Refinement Workers: 4
 Periodic GC: Disabled
Heap:
 garbage-first heap   total 322560K, used 128656K [0x0000000080000000, 0x0000000100000000)
  region size 1024K, 2 young (2048K), 2 survivors (2048K)
 Metaspace       used 118117K, committed 118912K, reserved 1155072K
  class space    used 16149K, committed 16512K, reserved 1048576K
GC Heap History (20 events):
Event: 33.155 GC heap after
{Heap after GC invocations=34 (full 0):
 garbage-first heap   total 322560K, used 76455K [0x0000000080000000, 0x0000000100000000)
  region size 1024K, 14 young (14336K), 14 survivors (14336K)
 Metaspace       used 92333K, committed 92992K, reserved 1130496K
  class space    used 12614K, committed 12928K, reserved 1048576K
}
Event: 45.491 GC heap before
{Heap before GC invocations=34 (full 0):
 garbage-first heap   total 322560K, used 238247K [0x0000000080000000, 0x0000000100000000)
  region size 1024K, 172 young (176128K), 14 survivors (14336K)
 Metaspace       used 96636K, committed 97280K, reserved 1138688K
  class space    used 13190K, committed 13504K, reserved 1048576K
}
Event: 45.651 GC heap after
{Heap after GC invocations=35 (full 0):
 garbage-first heap   total 322560K, used 92771K [0x0000000080000000, 0x0000000100000000)
  region size 1024K, 22 young (22528K), 22 survivors (22528K)
 Metaspace       used 96636K, committed 97280K, reserved 1138688K
  class space    used 13190K, committed 13504K, reserved 1048576K
}
Event: 57.479 GC heap before
{Heap before GC invocations=35 (full 0):
 garbage-first heap   total 322560K, used 241251K [0x0000000080000000, 0x0000000100000000)
  region size 1024K, 168 young (172032K), 22 survivors (22528K)
 Metaspace       used 101110K, committed 101888K, reserved 1138688K
  class space    used 13767K, committed 14144K, reserved 1048576K
}
Event: 57.685 GC heap after
{Heap after GC invocations=36 (full 0):
 garbage-first heap   total 322560K, used 104960K [0x0000000080000000, 0x0000000100000000)
  region size 1024K, 12 young (12288K), 12 survivors (12288K)
 Metaspace       used 101110K, committed 101888K, reserved 1138688K
  class space    used 13767K, committed 14144K, reserved 1048576K
}
Event: 70.899 GC heap before
{Heap before GC invocations=36 (full 0):
 garbage-first heap   total 322560K, used 248320K [0x0000000080000000, 0x0000000100000000)
  region size 1024K, 153 young (156672K), 12 survivors (12288K)
 Metaspace       used 112024K, committed 112768K, reserved 1146880K
  class space    used 15365K, committed 15744K, reserved 1048576K
}
Event: 71.228 GC heap after
{Heap after GC invocations=37 (full 0):
 garbage-first heap   total 322560K, used 129024K [0x0000000080000000, 0x0000000100000000)
  region size 1024K, 20 young (20480K), 20 survivors (20480K)
 Metaspace       used 112024K, committed 112768K, reserved 1146880K
  class space    used 15365K, committed 15744K, reserved 1048576K
}
Event: 75.337 GC heap before
{Heap before GC invocations=37 (full 0):
 garbage-first heap   total 322560K, used 193536K [0x0000000080000000, 0x0000000100000000)
  region size 1024K, 84 young (86016K), 20 survivors (20480K)
 Metaspace       used 115810K, committed 116608K, reserved 1155072K
  class space    used 15855K, committed 16256K, reserved 1048576K
}
Event: 76.854 GC heap after
{Heap after GC invocations=38 (full 0):
 garbage-first heap   total 322560K, used 129536K [0x0000000080000000, 0x0000000100000000)
  region size 1024K, 2 young (2048K), 2 survivors (2048K)
 Metaspace       used 115810K, committed 116608K, reserved 1155072K
  class space    used 15855K, committed 16256K, reserved 1048576K
}
Event: 77.274 GC heap before
{Heap before GC invocations=38 (full 0):
 garbage-first heap   total 322560K, used 141824K [0x0000000080000000, 0x0000000100000000)
  region size 1024K, 15 young (15360K), 2 survivors (2048K)
 Metaspace       used 116369K, committed 117184K, reserved 1155072K
  class space    used 15907K, committed 16320K, reserved 1048576K
}
Event: 77.281 GC heap after
{Heap after GC invocations=39 (full 0):
 garbage-first heap   total 322560K, used 128764K [0x0000000080000000, 0x0000000100000000)
  region size 1024K, 2 young (2048K), 2 survivors (2048K)
 Metaspace       used 116369K, committed 117184K, reserved 1155072K
  class space    used 15907K, committed 16320K, reserved 1048576K
}
Event: 77.883 GC heap before
{Heap before GC invocations=39 (full 0):
 garbage-first heap   total 322560K, used 148220K [0x0000000080000000, 0x0000000100000000)
  region size 1024K, 21 young (21504K), 2 survivors (2048K)
 Metaspace       used 117179K, committed 117952K, reserved 1155072K
  class space    used 16018K, committed 16384K, reserved 1048576K
}
Event: 77.904 GC heap after
{Heap after GC invocations=40 (full 0):
 garbage-first heap   total 322560K, used 128697K [0x0000000080000000, 0x0000000100000000)
  region size 1024K, 2 young (2048K), 2 survivors (2048K)
 Metaspace       used 117179K, committed 117952K, reserved 1155072K
  class space    used 16018K, committed 16384K, reserved 1048576K
}
Event: 78.269 GC heap before
{Heap before GC invocations=40 (full 0):
 garbage-first heap   total 322560K, used 154297K [0x0000000080000000, 0x0000000100000000)
  region size 1024K, 27 young (27648K), 2 survivors (2048K)
 Metaspace       used 117626K, committed 118400K, reserved 1155072K
  class space    used 16077K, committed 16448K, reserved 1048576K
}
Event: 78.276 GC heap after
{Heap after GC invocations=41 (full 0):
 garbage-first heap   total 322560K, used 129318K [0x0000000080000000, 0x0000000100000000)
  region size 1024K, 2 young (2048K), 2 survivors (2048K)
 Metaspace       used 117626K, committed 118400K, reserved 1155072K
  class space    used 16077K, committed 16448K, reserved 1048576K
}
Event: 82.939 GC heap before
{Heap before GC invocations=42 (full 0):
 garbage-first heap   total 322560K, used 257318K [0x0000000080000000, 0x0000000100000000)
  region size 1024K, 127 young (130048K), 2 survivors (2048K)
 Metaspace       used 118085K, committed 118848K, reserved 1155072K
  class space    used 16144K, committed 16512K, reserved 1048576K
}
Event: 82.949 GC heap after
{Heap after GC invocations=43 (full 0):
 garbage-first heap   total 322560K, used 129260K [0x0000000080000000, 0x0000000100000000)
  region size 1024K, 2 young (2048K), 2 survivors (2048K)
 Metaspace       used 118085K, committed 118848K, reserved 1155072K
  class space    used 16144K, committed 16512K, reserved 1048576K
}
Event: 83.207 GC heap before
{Heap before GC invocations=43 (full 0):
 garbage-first heap   total 322560K, used 142572K [0x0000000080000000, 0x0000000100000000)
  region size 1024K, 15 young (15360K), 2 survivors (2048K)
 Metaspace       used 118103K, committed 118848K, reserved 1155072K
  class space    used 16147K, committed 16512K, reserved 1048576K
}
Event: 84.171 GC heap after
{Heap after GC invocations=44 (full 0):
 garbage-first heap   total 322560K, used 128575K [0x0000000080000000, 0x0000000100000000)
  region size 1024K, 2 young (2048K), 2 survivors (2048K)
 Metaspace       used 118103K, committed 118848K, reserved 1155072K
  class space    used 16147K, committed 16512K, reserved 1048576K
}
Event: 84.295 GC heap before
{Heap before GC invocations=44 (full 0):
 garbage-first heap   total 322560K, used 141887K [0x0000000080000000, 0x0000000100000000)
  region size 1024K, 15 young (15360K), 2 survivors (2048K)
 Metaspace       used 118117K, committed 118912K, reserved 1155072K
  class space    used 16149K, committed 16512K, reserved 1048576K
}

