# JRE version: OpenJDK Runtime Environment (17.0.6) (build 17.0.6+0-b2043.56-10027231)
# Java VM: OpenJDK 64-Bit Server VM (17.0.6+0-b2043.56-10027231, mixed mode, tiered, compressed oops, compressed class ptrs, g1 gc, windows-amd64)
GC Precious Log:
 CPUs: 4 total, 4 available
 Memory: 4009M
 Large Page Support: Disabled
 NUMA Support: Disabled
 Compressed Oops: Enabled (32-bit)
 Heap Region Size: 1M
 Heap Min Capacity: 8M
 Heap Initial Capacity: 64M
 Heap Max Capacity: 2G
 Pre-touch: Disabled
 Parallel Workers: 4
 Concurrent Workers: 1
 Concurrent Refinement Workers: 4
 Periodic GC: Disabled
Heap:
 garbage-first heap   total 515072K, used 169269K [0x0000000080000000, 0x0000000100000000)
  region size 1024K, 3 young (3072K), 3 survivors (3072K)
 Metaspace       used 120234K, committed 121024K, reserved 1155072K
  class space    used 16320K, committed 16704K, reserved 1048576K
GC Heap History (20 events):
Event: 134.597 GC heap after
{Heap after GC invocations=99 (full 0):
 garbage-first heap   total 437248K, used 167606K [0x0000000080000000, 0x0000000100000000)
  region size 1024K, 2 young (2048K), 2 survivors (2048K)
 Metaspace       used 120088K, committed 120896K, reserved 1155072K
  class space    used 16312K, committed 16704K, reserved 1048576K
}
Event: 137.003 GC heap before
{Heap before GC invocations=99 (full 0):
 garbage-first heap   total 437248K, used 367286K [0x0000000080000000, 0x0000000100000000)
  region size 1024K, 197 young (201728K), 2 survivors (2048K)
 Metaspace       used 120098K, committed 120896K, reserved 1155072K
  class space    used 16312K, committed 16704K, reserved 1048576K
}
Event: 137.009 GC heap after
{Heap after GC invocations=100 (full 0):
 garbage-first heap   total 437248K, used 166929K [0x0000000080000000, 0x0000000100000000)
  region size 1024K, 2 young (2048K), 2 survivors (2048K)
 Metaspace       used 120098K, committed 120896K, reserved 1155072K
  class space    used 16312K, committed 16704K, reserved 1048576K
}
Event: 138.206 GC heap before
{Heap before GC invocations=100 (full 0):
 garbage-first heap   total 437248K, used 370705K [0x0000000080000000, 0x0000000100000000)
  region size 1024K, 201 young (205824K), 2 survivors (2048K)
 Metaspace       used 120102K, committed 120896K, reserved 1155072K
  class space    used 16312K, committed 16704K, reserved 1048576K
}
Event: 138.213 GC heap after
{Heap after GC invocations=101 (full 0):
 garbage-first heap   total 437248K, used 167580K [0x0000000080000000, 0x0000000100000000)
  region size 1024K, 2 young (2048K), 2 survivors (2048K)
 Metaspace       used 120102K, committed 120896K, reserved 1155072K
  class space    used 16312K, committed 16704K, reserved 1048576K
}
Event: 139.392 GC heap before
{Heap before GC invocations=101 (full 0):
 garbage-first heap   total 437248K, used 374428K [0x0000000080000000, 0x0000000100000000)
  region size 1024K, 204 young (208896K), 2 survivors (2048K)
 Metaspace       used 120103K, committed 120896K, reserved 1155072K
  class space    used 16312K, committed 16704K, reserved 1048576K
}
Event: 139.404 GC heap after
{Heap after GC invocations=102 (full 0):
 garbage-first heap   total 437248K, used 168988K [0x0000000080000000, 0x0000000100000000)
  region size 1024K, 4 young (4096K), 4 survivors (4096K)
 Metaspace       used 120103K, committed 120896K, reserved 1155072K
  class space    used 16312K, committed 16704K, reserved 1048576K
}
Event: 140.674 GC heap before
{Heap before GC invocations=103 (full 0):
 garbage-first heap   total 437248K, used 376860K [0x0000000080000000, 0x0000000100000000)
  region size 1024K, 207 young (211968K), 4 survivors (4096K)
 Metaspace       used 120105K, committed 120896K, reserved 1155072K
  class space    used 16312K, committed 16704K, reserved 1048576K
}
Event: 140.689 GC heap after
{Heap after GC invocations=104 (full 0):
 garbage-first heap   total 437248K, used 171995K [0x0000000080000000, 0x0000000100000000)
  region size 1024K, 7 young (7168K), 7 survivors (7168K)
 Metaspace       used 120105K, committed 120896K, reserved 1155072K
  class space    used 16312K, committed 16704K, reserved 1048576K
}
Event: 140.754 GC heap before
{Heap before GC invocations=104 (full 0):
 garbage-first heap   total 437248K, used 186331K [0x0000000080000000, 0x0000000100000000)
  region size 1024K, 21 young (21504K), 7 survivors (7168K)
 Metaspace       used 120105K, committed 120896K, reserved 1155072K
  class space    used 16312K, committed 16704K, reserved 1048576K
}
Event: 140.768 GC heap after
{Heap after GC invocations=105 (full 0):
 garbage-first heap   total 437248K, used 163789K [0x0000000080000000, 0x0000000100000000)
  region size 1024K, 1 young (1024K), 1 survivors (1024K)
 Metaspace       used 120105K, committed 120896K, reserved 1155072K
  class space    used 16312K, committed 16704K, reserved 1048576K
}
Event: 142.697 GC heap before
{Heap before GC invocations=105 (full 0):
 garbage-first heap   total 437248K, used 376781K [0x0000000080000000, 0x0000000100000000)
  region size 1024K, 209 young (214016K), 1 survivors (1024K)
 Metaspace       used 120112K, committed 120896K, reserved 1155072K
  class space    used 16312K, committed 16704K, reserved 1048576K
}
Event: 142.706 GC heap after
{Heap after GC invocations=106 (full 0):
 garbage-first heap   total 437248K, used 164581K [0x0000000080000000, 0x0000000100000000)
  region size 1024K, 2 young (2048K), 2 survivors (2048K)
 Metaspace       used 120112K, committed 120896K, reserved 1155072K
  class space    used 16312K, committed 16704K, reserved 1048576K
}
Event: 144.324 GC heap before
{Heap before GC invocations=106 (full 0):
 garbage-first heap   total 437248K, used 239333K [0x0000000080000000, 0x0000000100000000)
  region size 1024K, 76 young (77824K), 2 survivors (2048K)
 Metaspace       used 120158K, committed 120960K, reserved 1155072K
  class space    used 16320K, committed 16704K, reserved 1048576K
}
Event: 144.339 GC heap after
{Heap after GC invocations=107 (full 0):
 garbage-first heap   total 437248K, used 168537K [0x0000000080000000, 0x0000000100000000)
  region size 1024K, 6 young (6144K), 6 survivors (6144K)
 Metaspace       used 120158K, committed 120960K, reserved 1155072K
  class space    used 16320K, committed 16704K, reserved 1048576K
}
Event: 147.568 GC heap before
{Heap before GC invocations=108 (full 0):
 garbage-first heap   total 437248K, used 383577K [0x0000000080000000, 0x0000000100000000)
  region size 1024K, 210 young (215040K), 6 survivors (6144K)
 Metaspace       used 120220K, committed 121024K, reserved 1155072K
  class space    used 16320K, committed 16704K, reserved 1048576K
}
Event: 147.592 GC heap after
{Heap after GC invocations=109 (full 0):
 garbage-first heap   total 437248K, used 174771K [0x0000000080000000, 0x0000000100000000)
  region size 1024K, 12 young (12288K), 12 survivors (12288K)
 Metaspace       used 120220K, committed 121024K, reserved 1155072K
  class space    used 16320K, committed 16704K, reserved 1048576K
}
Event: 147.633 GC heap before
{Heap before GC invocations=109 (full 0):
 garbage-first heap   total 437248K, used 183987K [0x0000000080000000, 0x0000000100000000)
  region size 1024K, 21 young (21504K), 12 survivors (12288K)
 Metaspace       used 120220K, committed 121024K, reserved 1155072K
  class space    used 16320K, committed 16704K, reserved 1048576K
}
Event: 147.656 GC heap after
{Heap after GC invocations=110 (full 0):
 garbage-first heap   total 437248K, used 168098K [0x0000000080000000, 0x0000000100000000)
  region size 1024K, 2 young (2048K), 2 survivors (2048K)
 Metaspace       used 120220K, committed 121024K, reserved 1155072K
  class space    used 16320K, committed 16704K, reserved 1048576K
}
Event: 148.549 GC heap before
{Heap before GC invocations=110 (full 0):
 garbage-first heap   total 437248K, used 371874K [0x0000000080000000, 0x0000000100000000)
  region size 1024K, 201 young (205824K), 2 survivors (2048K)
 Metaspace       used 120234K, committed 121024K, reserved 1155072K
  class space    used 16320K, committed 16704K, reserved 1048576K
}

